<?xml version="1.0" encoding="UTF-8"?>
<!-- Generated by org.testng.reporters.JUnitReportReporter -->
<testsuite hostname="Prabu-iMac.local" name="com.bnpp.source.FAQ" tests="3" failures="0" timestamp="24 Feb 2015 13:43:26 GMT" time="123.688" errors="0">
  <testcase name="faqSearch" time="8.444" classname="com.bnpp.source.FAQ"/>
  <testcase name="faqInnerCheck" time="70.580" classname="com.bnpp.source.FAQ"/>
  <testcase name="faq" time="44.664" classname="com.bnpp.source.FAQ"/>
</testsuite> <!-- com.bnpp.source.FAQ -->
