<?xml version="1.0" encoding="UTF-8"?>
<!-- Generated by org.testng.reporters.JUnitReportReporter -->
<testsuite hostname="Prabu-iMac.local" name="com.bnpp.source.ContactDataUpdate" tests="6" failures="0" timestamp="16 Jul 2015 13:51:57 GMT" time="148.355" errors="0">
  <testcase name="CDUemail" time="80.705" classname="com.bnpp.source.ContactDataUpdate"/>
  <testcase name="CDUmailvalidation" time="10.993" classname="com.bnpp.source.ContactDataUpdate"/>
  <testcase name="CDUphone" time="25.615" classname="com.bnpp.source.ContactDataUpdate"/>
  <testcase name="invalidphonevalidation" time="10.314" classname="com.bnpp.source.ContactDataUpdate"/>
  <testcase name="invalidemailvalidation" time="10.321" classname="com.bnpp.source.ContactDataUpdate"/>
  <testcase name="CDUphonevalidation" time="10.407" classname="com.bnpp.source.ContactDataUpdate"/>
</testsuite> <!-- com.bnpp.source.ContactDataUpdate -->
