<?xml version="1.0" encoding="UTF-8"?>
<!-- Generated by org.testng.reporters.JUnitReportReporter -->
<testsuite hostname="Prabu-iMac.local" name="com.bnpp.source.PersonalAlias210" tests="5" failures="0" timestamp="16 Jul 2015 12:36:48 GMT" time="192.083" errors="0">
  <testcase name="MultiLan2" time="37.252" classname="com.bnpp.source.PersonalAlias210"/>
  <testcase name="PersonaltionaliasConfirm" time="4.707" classname="com.bnpp.source.PersonalAlias210"/>
  <testcase name="MultiLan1" time="35.178" classname="com.bnpp.source.PersonalAlias210"/>
  <testcase name="PersonaltionaliasCancel" time="3.610" classname="com.bnpp.source.PersonalAlias210"/>
  <testcase name="PersonaltionaliasCR210" time="111.336" classname="com.bnpp.source.PersonalAlias210"/>
</testsuite> <!-- com.bnpp.source.PersonalAlias210 -->
